<?xml version="1.0" encoding="UTF-8"?>
<testng-results skipped="0" failed="0" ignored="0" total="1" passed="1">
  <reporter-output>
  </reporter-output>
  <suite name="Suite" duration-ms="55416" started-at="2020-04-10T00:45:07 IST" finished-at="2020-04-10T00:46:02 IST">
    <groups>
      <group name="cucumber">
        <method signature="AbstractTestNGCucumberTests.runScenario(cucumber.api.testng.PickleEventWrapper, cucumber.api.testng.CucumberFeatureWrapper)[pri:0, instance:org.servicenow.api.ServiceNowProjectSpecificMethods@131276c2]" name="runScenario" class="cucumber.api.testng.AbstractTestNGCucumberTests"/>
      </group> <!-- cucumber -->
    </groups>
    <test name="Test" duration-ms="55416" started-at="2020-04-10T00:45:07 IST" finished-at="2020-04-10T00:46:02 IST">
      <class name="org.servicenow.api.ServiceNowProjectSpecificMethods">
        <test-method status="PASS" signature="setUpClass()[pri:0, instance:org.servicenow.api.ServiceNowProjectSpecificMethods@131276c2]" name="setUpClass" is-config="true" duration-ms="101" started-at="2020-04-10T00:45:07 IST" finished-at="2020-04-10T00:45:07 IST">
          <reporter-output>
          </reporter-output>
        </test-method> <!-- setUpClass -->
        <test-method status="PASS" signature="loadProFile()[pri:0, instance:org.servicenow.api.ServiceNowProjectSpecificMethods@131276c2]" name="loadProFile" is-config="true" duration-ms="1" started-at="2020-04-10T00:45:07 IST" finished-at="2020-04-10T00:45:07 IST">
          <reporter-output>
          </reporter-output>
        </test-method> <!-- loadProFile -->
        <test-method status="PASS" signature="launchBrowser(java.lang.String)[pri:0, instance:org.servicenow.api.ServiceNowProjectSpecificMethods@131276c2]" name="launchBrowser" is-config="true" duration-ms="13329" started-at="2020-04-10T00:45:07 IST" finished-at="2020-04-10T00:45:20 IST">
          <params>
            <param index="0">
              <value>
                <![CDATA[https://dev96966.service-now.com]]>
              </value>
            </param>
          </params>
          <reporter-output>
          </reporter-output>
        </test-method> <!-- launchBrowser -->
        <test-method status="PASS" signature="runScenario(cucumber.api.testng.PickleEventWrapper, cucumber.api.testng.CucumberFeatureWrapper)[pri:0, instance:org.servicenow.api.ServiceNowProjectSpecificMethods@131276c2]" name="runScenario" duration-ms="41895" started-at="2020-04-10T00:45:20 IST" description="Runs Cucumber Scenarios" data-provider="scenarios" finished-at="2020-04-10T00:46:02 IST">
          <params>
            <param index="0">
              <value>
                <![CDATA["[TC003] - Update schedule for the existing Change"]]>
              </value>
            </param>
            <param index="1">
              <value>
                <![CDATA["Change Management"]]>
              </value>
            </param>
          </params>
          <reporter-output>
          </reporter-output>
        </test-method> <!-- runScenario -->
        <test-method status="PASS" signature="tearDownClass()[pri:0, instance:org.servicenow.api.ServiceNowProjectSpecificMethods@131276c2]" name="tearDownClass" is-config="true" duration-ms="3" started-at="2020-04-10T00:46:02 IST" finished-at="2020-04-10T00:46:02 IST">
          <reporter-output>
          </reporter-output>
        </test-method> <!-- tearDownClass -->
      </class> <!-- org.servicenow.api.ServiceNowProjectSpecificMethods -->
    </test> <!-- Test -->
  </suite> <!-- Suite -->
</testng-results>
